Analysis & Synthesis report for TicketMachine
Tue Mar 17 11:06:16 2026
Quartus Prime Version 20.1.1 Build 720 11/11/2020 SJ Lite Edition


---------------------
; Table of Contents ;
---------------------
  1. Legal Notice
  2. Analysis & Synthesis Summary
  3. Analysis & Synthesis Settings
  4. Parallel Compilation
  5. Analysis & Synthesis Source Files Read
  6. Analysis & Synthesis Resource Usage Summary
  7. Analysis & Synthesis Resource Utilization by Entity
  8. State Machine - |KeyDecode|KeyControl:Ctrl|CurrentState
  9. General Register Statistics
 10. Inverted Register Statistics
 11. Parameter Settings for User Entity Instance: CLKDIV:Div
 12. Port Connectivity Checks: "KeyScan:Scann|RG2:RG"
 13. Port Connectivity Checks: "KeyScan:Scann|Decoder:DEC|DeMUX:DeMUX1"
 14. Port Connectivity Checks: "KeyScan:Scann|Decoder:DEC"
 15. Port Connectivity Checks: "KeyScan:Scann|Counter:Cont|RG2:Reg|FFD:FDD1"
 16. Port Connectivity Checks: "KeyScan:Scann|Counter:Cont|RG2:Reg|FFD:FDD0"
 17. Port Connectivity Checks: "KeyScan:Scann|Counter:Cont|Adder:Adder"
 18. Post-Synthesis Netlist Statistics for Top Partition
 19. Elapsed Time Per Partition
 20. Analysis & Synthesis Messages



----------------
; Legal Notice ;
----------------
Copyright (C) 2020  Intel Corporation. All rights reserved.
Your use of Intel Corporation's design tools, logic functions 
and other software and tools, and any partner logic 
functions, and any output files from any of the foregoing 
(including device programming or simulation files), and any 
associated documentation or information are expressly subject 
to the terms and conditions of the Intel Program License 
Subscription Agreement, the Intel Quartus Prime License Agreement,
the Intel FPGA IP License Agreement, or other applicable license
agreement, including, without limitation, that your use is for
the sole purpose of programming logic devices manufactured by
Intel and sold by Intel or its authorized distributors.  Please
refer to the applicable agreement for further details, at
https://fpgasoftware.intel.com/eula.



+----------------------------------------------------------------------------------+
; Analysis & Synthesis Summary                                                     ;
+------------------------------------+---------------------------------------------+
; Analysis & Synthesis Status        ; Successful - Tue Mar 17 11:06:16 2026       ;
; Quartus Prime Version              ; 20.1.1 Build 720 11/11/2020 SJ Lite Edition ;
; Revision Name                      ; TicketMachine                               ;
; Top-level Entity Name              ; KeyDecode                                   ;
; Family                             ; MAX 10                                      ;
; Total logic elements               ; 65                                          ;
;     Total combinational functions  ; 65                                          ;
;     Dedicated logic registers      ; 40                                          ;
; Total registers                    ; 40                                          ;
; Total pins                         ; 22                                          ;
; Total virtual pins                 ; 0                                           ;
; Total memory bits                  ; 0                                           ;
; Embedded Multiplier 9-bit elements ; 0                                           ;
; Total PLLs                         ; 0                                           ;
; UFM blocks                         ; 0                                           ;
; ADC blocks                         ; 0                                           ;
+------------------------------------+---------------------------------------------+


+------------------------------------------------------------------------------------------------------------+
; Analysis & Synthesis Settings                                                                              ;
+------------------------------------------------------------------+--------------------+--------------------+
; Option                                                           ; Setting            ; Default Value      ;
+------------------------------------------------------------------+--------------------+--------------------+
; Device                                                           ; 10M50DAF484C6GES   ;                    ;
; Top-level entity name                                            ; KeyDecode          ; TicketMachine      ;
; Family name                                                      ; MAX 10             ; Cyclone V          ;
; Use smart compilation                                            ; Off                ; Off                ;
; Enable parallel Assembler and Timing Analyzer during compilation ; On                 ; On                 ;
; Enable compact report table                                      ; Off                ; Off                ;
; Restructure Multiplexers                                         ; Auto               ; Auto               ;
; Create Debugging Nodes for IP Cores                              ; Off                ; Off                ;
; Preserve fewer node names                                        ; On                 ; On                 ;
; Intel FPGA IP Evaluation Mode                                    ; Enable             ; Enable             ;
; Verilog Version                                                  ; Verilog_2001       ; Verilog_2001       ;
; VHDL Version                                                     ; VHDL_1993          ; VHDL_1993          ;
; State Machine Processing                                         ; Auto               ; Auto               ;
; Safe State Machine                                               ; Off                ; Off                ;
; Extract Verilog State Machines                                   ; On                 ; On                 ;
; Extract VHDL State Machines                                      ; On                 ; On                 ;
; Ignore Verilog initial constructs                                ; Off                ; Off                ;
; Iteration limit for constant Verilog loops                       ; 5000               ; 5000               ;
; Iteration limit for non-constant Verilog loops                   ; 250                ; 250                ;
; Add Pass-Through Logic to Inferred RAMs                          ; On                 ; On                 ;
; Infer RAMs from Raw Logic                                        ; On                 ; On                 ;
; Parallel Synthesis                                               ; On                 ; On                 ;
; DSP Block Balancing                                              ; Auto               ; Auto               ;
; NOT Gate Push-Back                                               ; On                 ; On                 ;
; Power-Up Don't Care                                              ; On                 ; On                 ;
; Remove Redundant Logic Cells                                     ; Off                ; Off                ;
; Remove Duplicate Registers                                       ; On                 ; On                 ;
; Ignore CARRY Buffers                                             ; Off                ; Off                ;
; Ignore CASCADE Buffers                                           ; Off                ; Off                ;
; Ignore GLOBAL Buffers                                            ; Off                ; Off                ;
; Ignore ROW GLOBAL Buffers                                        ; Off                ; Off                ;
; Ignore LCELL Buffers                                             ; Off                ; Off                ;
; Ignore SOFT Buffers                                              ; On                 ; On                 ;
; Limit AHDL Integers to 32 Bits                                   ; Off                ; Off                ;
; Optimization Technique                                           ; Balanced           ; Balanced           ;
; Carry Chain Length                                               ; 70                 ; 70                 ;
; Auto Carry Chains                                                ; On                 ; On                 ;
; Auto Open-Drain Pins                                             ; On                 ; On                 ;
; Perform WYSIWYG Primitive Resynthesis                            ; Off                ; Off                ;
; Auto ROM Replacement                                             ; On                 ; On                 ;
; Auto RAM Replacement                                             ; On                 ; On                 ;
; Auto DSP Block Replacement                                       ; On                 ; On                 ;
; Auto Shift Register Replacement                                  ; Auto               ; Auto               ;
; Allow Shift Register Merging across Hierarchies                  ; Auto               ; Auto               ;
; Auto Clock Enable Replacement                                    ; On                 ; On                 ;
; Strict RAM Replacement                                           ; Off                ; Off                ;
; Allow Synchronous Control Signals                                ; On                 ; On                 ;
; Force Use of Synchronous Clear Signals                           ; Off                ; Off                ;
; Auto RAM Block Balancing                                         ; On                 ; On                 ;
; Auto RAM to Logic Cell Conversion                                ; Off                ; Off                ;
; Auto Resource Sharing                                            ; Off                ; Off                ;
; Allow Any RAM Size For Recognition                               ; Off                ; Off                ;
; Allow Any ROM Size For Recognition                               ; Off                ; Off                ;
; Allow Any Shift Register Size For Recognition                    ; Off                ; Off                ;
; Use LogicLock Constraints during Resource Balancing              ; On                 ; On                 ;
; Ignore translate_off and synthesis_off directives                ; Off                ; Off                ;
; Timing-Driven Synthesis                                          ; On                 ; On                 ;
; Report Parameter Settings                                        ; On                 ; On                 ;
; Report Source Assignments                                        ; On                 ; On                 ;
; Report Connectivity Checks                                       ; On                 ; On                 ;
; Ignore Maximum Fan-Out Assignments                               ; Off                ; Off                ;
; Synchronization Register Chain Length                            ; 2                  ; 2                  ;
; Power Optimization During Synthesis                              ; Normal compilation ; Normal compilation ;
; HDL message level                                                ; Level2             ; Level2             ;
; Suppress Register Optimization Related Messages                  ; Off                ; Off                ;
; Number of Removed Registers Reported in Synthesis Report         ; 5000               ; 5000               ;
; Number of Swept Nodes Reported in Synthesis Report               ; 5000               ; 5000               ;
; Number of Inverted Registers Reported in Synthesis Report        ; 100                ; 100                ;
; Clock MUX Protection                                             ; On                 ; On                 ;
; Auto Gated Clock Conversion                                      ; Off                ; Off                ;
; Block Design Naming                                              ; Auto               ; Auto               ;
; SDC constraint protection                                        ; Off                ; Off                ;
; Synthesis Effort                                                 ; Auto               ; Auto               ;
; Shift Register Replacement - Allow Asynchronous Clear Signal     ; On                 ; On                 ;
; Pre-Mapping Resynthesis Optimization                             ; Off                ; Off                ;
; Analysis & Synthesis Message Level                               ; Medium             ; Medium             ;
; Disable Register Merging Across Hierarchies                      ; Auto               ; Auto               ;
; Resource Aware Inference For Block RAM                           ; On                 ; On                 ;
+------------------------------------------------------------------+--------------------+--------------------+


+------------------------------------------+
; Parallel Compilation                     ;
+----------------------------+-------------+
; Processors                 ; Number      ;
+----------------------------+-------------+
; Number detected on machine ; 8           ;
; Maximum allowed            ; 8           ;
;                            ;             ;
; Average used               ; 1.00        ;
; Maximum used               ; 8           ;
;                            ;             ;
; Usage by Processor         ; % Time Used ;
;     Processor 1            ; 100.0%      ;
;     Processor 2            ;   0.0%      ;
;     Processors 3-8         ;   0.0%      ;
+----------------------------+-------------+


+----------------------------------------------------------------------------------------------------------------------------------------+
; Analysis & Synthesis Source Files Read                                                                                                 ;
+----------------------------------+-----------------+-----------------+-------------------------------------------------------+---------+
; File Name with User-Entered Path ; Used in Netlist ; File Type       ; File Name with Absolute Path                          ; Library ;
+----------------------------------+-----------------+-----------------+-------------------------------------------------------+---------+
; KeyDecode.vhd                    ; yes             ; User VHDL File  ; C:/ISEL/LIC/Projeto/TicketMachine_VHDL/KeyDecode.vhd  ;         ;
; KeyScan.vhd                      ; yes             ; User VHDL File  ; C:/ISEL/LIC/Projeto/TicketMachine_VHDL/KeyScan.vhd    ;         ;
; Decoder.vhd                      ; yes             ; User VHDL File  ; C:/ISEL/LIC/Projeto/TicketMachine_VHDL/Decoder.vhd    ;         ;
; DeMUX.vhd                        ; yes             ; User VHDL File  ; C:/ISEL/LIC/Projeto/TicketMachine_VHDL/DeMUX.vhd      ;         ;
; Adder.vhd                        ; yes             ; User VHDL File  ; C:/ISEL/LIC/Projeto/TicketMachine_VHDL/Adder.vhd      ;         ;
; clkDIV.vhd                       ; yes             ; User VHDL File  ; C:/ISEL/LIC/Projeto/TicketMachine_VHDL/clkDIV.vhd     ;         ;
; Counter.vhd                      ; yes             ; User VHDL File  ; C:/ISEL/LIC/Projeto/TicketMachine_VHDL/Counter.vhd    ;         ;
; FA.vhd                           ; yes             ; User VHDL File  ; C:/ISEL/LIC/Projeto/TicketMachine_VHDL/FA.vhd         ;         ;
; FFD.vhd                          ; yes             ; User VHDL File  ; C:/ISEL/LIC/Projeto/TicketMachine_VHDL/FFD.vhd        ;         ;
; HA.vhd                           ; yes             ; User VHDL File  ; C:/ISEL/LIC/Projeto/TicketMachine_VHDL/HA.vhd         ;         ;
; RG2.vhd                          ; yes             ; User VHDL File  ; C:/ISEL/LIC/Projeto/TicketMachine_VHDL/RG2.vhd        ;         ;
; PEnc.vhd                         ; yes             ; User VHDL File  ; C:/ISEL/LIC/Projeto/TicketMachine_VHDL/PEnc.vhd       ;         ;
; MUX2_1.vhd                       ; yes             ; User VHDL File  ; C:/ISEL/LIC/Projeto/TicketMachine_VHDL/MUX2_1.vhd     ;         ;
; PEnc42.vhd                       ; yes             ; User VHDL File  ; C:/ISEL/LIC/Projeto/TicketMachine_VHDL/PEnc42.vhd     ;         ;
; KeyControl.vhd                   ; yes             ; User VHDL File  ; C:/ISEL/LIC/Projeto/TicketMachine_VHDL/KeyControl.vhd ;         ;
+----------------------------------+-----------------+-----------------+-------------------------------------------------------+---------+


+---------------------------------------------------------+
; Analysis & Synthesis Resource Usage Summary             ;
+---------------------------------------------+-----------+
; Resource                                    ; Usage     ;
+---------------------------------------------+-----------+
; Estimated Total logic elements              ; 65        ;
;                                             ;           ;
; Total combinational functions               ; 65        ;
; Logic element usage by number of LUT inputs ;           ;
;     -- 4 input functions                    ; 14        ;
;     -- 3 input functions                    ; 11        ;
;     -- <=2 input functions                  ; 40        ;
;                                             ;           ;
; Logic elements by mode                      ;           ;
;     -- normal mode                          ; 34        ;
;     -- arithmetic mode                      ; 31        ;
;                                             ;           ;
; Total registers                             ; 40        ;
;     -- Dedicated logic registers            ; 40        ;
;     -- I/O registers                        ; 0         ;
;                                             ;           ;
; I/O pins                                    ; 22        ;
;                                             ;           ;
; Embedded Multiplier 9-bit elements          ; 0         ;
;                                             ;           ;
; Maximum fan-out node                        ; Clk~input ;
; Maximum fan-out                             ; 33        ;
; Total fan-out                               ; 289       ;
; Average fan-out                             ; 1.94      ;
+---------------------------------------------+-----------+


+-----------------------------------------------------------------------------------------------------------------------------------------------------------------------------------------------------------------------------------------------------------------------+
; Analysis & Synthesis Resource Utilization by Entity                                                                                                                                                                                                                   ;
+----------------------------+---------------------+---------------------------+-------------+------------+--------------+---------+-----------+------+--------------+------------+--------------------------------------------------------+-------------+--------------+
; Compilation Hierarchy Node ; Combinational ALUTs ; Dedicated Logic Registers ; Memory Bits ; UFM Blocks ; DSP Elements ; DSP 9x9 ; DSP 18x18 ; Pins ; Virtual Pins ; ADC blocks ; Full Hierarchy Name                                    ; Entity Name ; Library Name ;
+----------------------------+---------------------+---------------------------+-------------+------------+--------------+---------+-----------+------+--------------+------------+--------------------------------------------------------+-------------+--------------+
; |KeyDecode                 ; 65 (0)              ; 40 (0)                    ; 0           ; 0          ; 0            ; 0       ; 0         ; 22   ; 0            ; 0          ; |KeyDecode                                             ; KeyDecode   ; work         ;
;    |CLKDIV:Div|            ; 52 (52)             ; 33 (33)                   ; 0           ; 0          ; 0            ; 0       ; 0         ; 0    ; 0            ; 0          ; |KeyDecode|CLKDIV:Div                                  ; CLKDIV      ; work         ;
;    |KeyControl:Ctrl|       ; 5 (5)               ; 3 (3)                     ; 0           ; 0          ; 0            ; 0       ; 0         ; 0    ; 0            ; 0          ; |KeyDecode|KeyControl:Ctrl                             ; KeyControl  ; work         ;
;    |KeyScan:Scann|         ; 8 (0)               ; 4 (0)                     ; 0           ; 0          ; 0            ; 0       ; 0         ; 0    ; 0            ; 0          ; |KeyDecode|KeyScan:Scann                               ; KeyScan     ; work         ;
;       |Counter:Cont|       ; 2 (0)               ; 2 (0)                     ; 0           ; 0          ; 0            ; 0       ; 0         ; 0    ; 0            ; 0          ; |KeyDecode|KeyScan:Scann|Counter:Cont                  ; Counter     ; work         ;
;          |RG2:Reg|         ; 2 (0)               ; 2 (0)                     ; 0           ; 0          ; 0            ; 0       ; 0         ; 0    ; 0            ; 0          ; |KeyDecode|KeyScan:Scann|Counter:Cont|RG2:Reg          ; RG2         ; work         ;
;             |FFD:FDD0|     ; 1 (1)               ; 1 (1)                     ; 0           ; 0          ; 0            ; 0       ; 0         ; 0    ; 0            ; 0          ; |KeyDecode|KeyScan:Scann|Counter:Cont|RG2:Reg|FFD:FDD0 ; FFD         ; work         ;
;             |FFD:FDD1|     ; 1 (1)               ; 1 (1)                     ; 0           ; 0          ; 0            ; 0       ; 0         ; 0    ; 0            ; 0          ; |KeyDecode|KeyScan:Scann|Counter:Cont|RG2:Reg|FFD:FDD1 ; FFD         ; work         ;
;       |Decoder:DEC|        ; 4 (0)               ; 0 (0)                     ; 0           ; 0          ; 0            ; 0       ; 0         ; 0    ; 0            ; 0          ; |KeyDecode|KeyScan:Scann|Decoder:DEC                   ; Decoder     ; work         ;
;          |DeMUX:DeMUX2|    ; 2 (2)               ; 0 (0)                     ; 0           ; 0          ; 0            ; 0       ; 0         ; 0    ; 0            ; 0          ; |KeyDecode|KeyScan:Scann|Decoder:DEC|DeMUX:DeMUX2      ; DeMUX       ; work         ;
;          |DeMUX:DeMUX3|    ; 2 (2)               ; 0 (0)                     ; 0           ; 0          ; 0            ; 0       ; 0         ; 0    ; 0            ; 0          ; |KeyDecode|KeyScan:Scann|Decoder:DEC|DeMUX:DeMUX3      ; DeMUX       ; work         ;
;       |PEnc42:PEnc|        ; 2 (0)               ; 0 (0)                     ; 0           ; 0          ; 0            ; 0       ; 0         ; 0    ; 0            ; 0          ; |KeyDecode|KeyScan:Scann|PEnc42:PEnc                   ; PEnc42      ; work         ;
;          |MUX2_1:Mux|      ; 1 (1)               ; 0 (0)                     ; 0           ; 0          ; 0            ; 0       ; 0         ; 0    ; 0            ; 0          ; |KeyDecode|KeyScan:Scann|PEnc42:PEnc|MUX2_1:Mux        ; MUX2_1      ; work         ;
;          |PEnc:PEnc1|      ; 1 (1)               ; 0 (0)                     ; 0           ; 0          ; 0            ; 0       ; 0         ; 0    ; 0            ; 0          ; |KeyDecode|KeyScan:Scann|PEnc42:PEnc|PEnc:PEnc1        ; PEnc        ; work         ;
;       |RG2:RG|             ; 0 (0)               ; 2 (0)                     ; 0           ; 0          ; 0            ; 0       ; 0         ; 0    ; 0            ; 0          ; |KeyDecode|KeyScan:Scann|RG2:RG                        ; RG2         ; work         ;
;          |FFD:FDD0|        ; 0 (0)               ; 1 (1)                     ; 0           ; 0          ; 0            ; 0       ; 0         ; 0    ; 0            ; 0          ; |KeyDecode|KeyScan:Scann|RG2:RG|FFD:FDD0               ; FFD         ; work         ;
;          |FFD:FDD1|        ; 0 (0)               ; 1 (1)                     ; 0           ; 0          ; 0            ; 0       ; 0         ; 0    ; 0            ; 0          ; |KeyDecode|KeyScan:Scann|RG2:RG|FFD:FDD1               ; FFD         ; work         ;
+----------------------------+---------------------+---------------------------+-------------+------------+--------------+---------+-----------+------+--------------+------------+--------------------------------------------------------+-------------+--------------+
Note: For table entries with two numbers listed, the numbers in parentheses indicate the number of resources of the given type used by the specific entity alone. The numbers listed outside of parentheses indicate the total resources of the given type used by the specific entity and all of its sub-entities in the hierarchy.


Encoding Type:  One-Hot
+------------------------------------------------------------------------------------------------------+
; State Machine - |KeyDecode|KeyControl:Ctrl|CurrentState                                              ;
+---------------------------+---------------------------+----------------------+-----------------------+
; Name                      ; CurrentState.ACKNOWLEDGED ; CurrentState.SENDING ; CurrentState.SCANNING ;
+---------------------------+---------------------------+----------------------+-----------------------+
; CurrentState.SCANNING     ; 0                         ; 0                    ; 0                     ;
; CurrentState.SENDING      ; 0                         ; 1                    ; 1                     ;
; CurrentState.ACKNOWLEDGED ; 1                         ; 0                    ; 1                     ;
+---------------------------+---------------------------+----------------------+-----------------------+


+------------------------------------------------------+
; General Register Statistics                          ;
+----------------------------------------------+-------+
; Statistic                                    ; Value ;
+----------------------------------------------+-------+
; Total registers                              ; 40    ;
; Number of registers using Synchronous Clear  ; 0     ;
; Number of registers using Synchronous Load   ; 0     ;
; Number of registers using Asynchronous Clear ; 7     ;
; Number of registers using Asynchronous Load  ; 0     ;
; Number of registers using Clock Enable       ; 0     ;
; Number of registers using Preset             ; 0     ;
+----------------------------------------------+-------+


+---------------------------------------------------------+
; Inverted Register Statistics                            ;
+-----------------------------------------------+---------+
; Inverted Register                             ; Fan out ;
+-----------------------------------------------+---------+
; KeyScan:Scann|Counter:Cont|RG2:Reg|FFD:FDD0|Q ; 7       ;
; KeyScan:Scann|Counter:Cont|RG2:Reg|FFD:FDD1|Q ; 6       ;
; KeyScan:Scann|RG2:RG|FFD:FDD0|Q               ; 1       ;
; KeyScan:Scann|RG2:RG|FFD:FDD1|Q               ; 1       ;
; CLKDIV:Div|count[0]                           ; 2       ;
; Total number of inverted registers = 5        ;         ;
+-----------------------------------------------+---------+


+---------------------------------------------------------+
; Parameter Settings for User Entity Instance: CLKDIV:Div ;
+----------------+---------+------------------------------+
; Parameter Name ; Value   ; Type                         ;
+----------------+---------+------------------------------+
; div            ; 5000000 ; Signed Integer               ;
+----------------+---------+------------------------------+
Note: In order to hide this table in the UI and the text report file, please set the "Show Parameter Settings in Synthesis Report" option in "Analysis and Synthesis Settings -> More Settings" to "Off".


+--------------------------------------------------+
; Port Connectivity Checks: "KeyScan:Scann|RG2:RG" ;
+------+-------+----------+------------------------+
; Port ; Type  ; Severity ; Details                ;
+------+-------+----------+------------------------+
; en   ; Input ; Info     ; Stuck at VCC           ;
+------+-------+----------+------------------------+


+--------------------------------------------------------------------+
; Port Connectivity Checks: "KeyScan:Scann|Decoder:DEC|DeMUX:DeMUX1" ;
+------+-------+----------+------------------------------------------+
; Port ; Type  ; Severity ; Details                                  ;
+------+-------+----------+------------------------------------------+
; y    ; Input ; Info     ; Stuck at VCC                             ;
+------+-------+----------+------------------------------------------+


+-------------------------------------------------------+
; Port Connectivity Checks: "KeyScan:Scann|Decoder:DEC" ;
+------+-------+----------+-----------------------------+
; Port ; Type  ; Severity ; Details                     ;
+------+-------+----------+-----------------------------+
; e    ; Input ; Info     ; Stuck at VCC                ;
+------+-------+----------+-----------------------------+


+-------------------------------------------------------------------------+
; Port Connectivity Checks: "KeyScan:Scann|Counter:Cont|RG2:Reg|FFD:FDD1" ;
+------+-------+----------+-----------------------------------------------+
; Port ; Type  ; Severity ; Details                                       ;
+------+-------+----------+-----------------------------------------------+
; set  ; Input ; Info     ; Stuck at GND                                  ;
+------+-------+----------+-----------------------------------------------+


+-------------------------------------------------------------------------+
; Port Connectivity Checks: "KeyScan:Scann|Counter:Cont|RG2:Reg|FFD:FDD0" ;
+------+-------+----------+-----------------------------------------------+
; Port ; Type  ; Severity ; Details                                       ;
+------+-------+----------+-----------------------------------------------+
; set  ; Input ; Info     ; Stuck at GND                                  ;
+------+-------+----------+-----------------------------------------------+


+----------------------------------------------------------------------------------------------------------------+
; Port Connectivity Checks: "KeyScan:Scann|Counter:Cont|Adder:Adder"                                             ;
+------+--------+----------+-------------------------------------------------------------------------------------+
; Port ; Type   ; Severity ; Details                                                                             ;
+------+--------+----------+-------------------------------------------------------------------------------------+
; b    ; Input  ; Info     ; Stuck at GND                                                                        ;
; cin  ; Input  ; Info     ; Stuck at VCC                                                                        ;
; cout ; Output ; Info     ; Connected to dangling logic. Logic that only feeds a dangling port will be removed. ;
+------+--------+----------+-------------------------------------------------------------------------------------+


+-----------------------------------------------------+
; Post-Synthesis Netlist Statistics for Top Partition ;
+-----------------------+-----------------------------+
; Type                  ; Count                       ;
+-----------------------+-----------------------------+
; boundary_port         ; 22                          ;
; cycloneiii_ff         ; 40                          ;
;     CLR               ; 7                           ;
;     plain             ; 33                          ;
; cycloneiii_lcell_comb ; 72                          ;
;     arith             ; 31                          ;
;         2 data inputs ; 31                          ;
;     normal            ; 41                          ;
;         1 data inputs ; 9                           ;
;         2 data inputs ; 7                           ;
;         3 data inputs ; 11                          ;
;         4 data inputs ; 14                          ;
;                       ;                             ;
; Max LUT depth         ; 4.10                        ;
; Average LUT depth     ; 2.87                        ;
+-----------------------+-----------------------------+


+-------------------------------+
; Elapsed Time Per Partition    ;
+----------------+--------------+
; Partition Name ; Elapsed Time ;
+----------------+--------------+
; Top            ; 00:00:00     ;
+----------------+--------------+


+-------------------------------+
; Analysis & Synthesis Messages ;
+-------------------------------+
Info: *******************************************************************
Info: Running Quartus Prime Analysis & Synthesis
    Info: Version 20.1.1 Build 720 11/11/2020 SJ Lite Edition
    Info: Processing started: Tue Mar 17 11:06:10 2026
Info: Command: quartus_map --read_settings_files=on --write_settings_files=off TicketMachine -c TicketMachine
Warning (18236): Number of processors has not been specified which may cause overloading on shared machines.  Set the global assignment NUM_PARALLEL_PROCESSORS in your QSF to an appropriate value for best performance.
Info (20030): Parallel compilation is enabled and will use 8 of the 8 processors detected
Info (12021): Found 2 design units, including 1 entities, in source file usbport.vhd
    Info (12022): Found design unit 1: UsbPort-bdf_type File: C:/ISEL/LIC/Projeto/TicketMachine_VHDL/UsbPort.vhd Line: 33
    Info (12023): Found entity 1: UsbPort File: C:/ISEL/LIC/Projeto/TicketMachine_VHDL/UsbPort.vhd Line: 25
Info (12021): Found 2 design units, including 1 entities, in source file keyboardreader.vhd
    Info (12022): Found design unit 1: KeyboardReader-structural File: C:/ISEL/LIC/Projeto/TicketMachine_VHDL/KeyboardReader.vhd Line: 16
    Info (12023): Found entity 1: KeyboardReader File: C:/ISEL/LIC/Projeto/TicketMachine_VHDL/KeyboardReader.vhd Line: 4
Info (12021): Found 2 design units, including 1 entities, in source file keydecode.vhd
    Info (12022): Found design unit 1: KeyDecode-structural File: C:/ISEL/LIC/Projeto/TicketMachine_VHDL/KeyDecode.vhd Line: 19
    Info (12023): Found entity 1: KeyDecode File: C:/ISEL/LIC/Projeto/TicketMachine_VHDL/KeyDecode.vhd Line: 4
Info (12021): Found 2 design units, including 1 entities, in source file keyscan.vhd
    Info (12022): Found design unit 1: KeyScan-structural File: C:/ISEL/LIC/Projeto/TicketMachine_VHDL/KeyScan.vhd Line: 16
    Info (12023): Found entity 1: KeyScan File: C:/ISEL/LIC/Projeto/TicketMachine_VHDL/KeyScan.vhd Line: 4
Info (12021): Found 2 design units, including 1 entities, in source file ticketmachine.vhd
    Info (12022): Found design unit 1: TicketMachine-structural File: C:/ISEL/LIC/Projeto/TicketMachine_VHDL/TicketMachine.vhd Line: 16
    Info (12023): Found entity 1: TicketMachine File: C:/ISEL/LIC/Projeto/TicketMachine_VHDL/TicketMachine.vhd Line: 4
Info (12021): Found 2 design units, including 1 entities, in source file decoder.vhd
    Info (12022): Found design unit 1: Decoder-structural File: C:/ISEL/LIC/Projeto/TicketMachine_VHDL/Decoder.vhd Line: 12
    Info (12023): Found entity 1: Decoder File: C:/ISEL/LIC/Projeto/TicketMachine_VHDL/Decoder.vhd Line: 3
Info (12021): Found 2 design units, including 1 entities, in source file demux.vhd
    Info (12022): Found design unit 1: DeMUX-structural File: C:/ISEL/LIC/Projeto/TicketMachine_VHDL/DeMUX.vhd Line: 13
    Info (12023): Found entity 1: DeMUX File: C:/ISEL/LIC/Projeto/TicketMachine_VHDL/DeMUX.vhd Line: 4
Info (12021): Found 2 design units, including 1 entities, in source file adder.vhd
    Info (12022): Found design unit 1: Adder-structural File: C:/ISEL/LIC/Projeto/TicketMachine_VHDL/Adder.vhd Line: 13
    Info (12023): Found entity 1: Adder File: C:/ISEL/LIC/Projeto/TicketMachine_VHDL/Adder.vhd Line: 4
Info (12021): Found 2 design units, including 1 entities, in source file clkdiv.vhd
    Info (12022): Found design unit 1: CLKDIV-bhv File: C:/ISEL/LIC/Projeto/TicketMachine_VHDL/clkDIV.vhd Line: 11
    Info (12023): Found entity 1: CLKDIV File: C:/ISEL/LIC/Projeto/TicketMachine_VHDL/clkDIV.vhd Line: 5
Info (12021): Found 2 design units, including 1 entities, in source file counter.vhd
    Info (12022): Found design unit 1: Counter-structural File: C:/ISEL/LIC/Projeto/TicketMachine_VHDL/Counter.vhd Line: 11
    Info (12023): Found entity 1: Counter File: C:/ISEL/LIC/Projeto/TicketMachine_VHDL/Counter.vhd Line: 4
Info (12021): Found 2 design units, including 1 entities, in source file fa.vhd
    Info (12022): Found design unit 1: FA-structural File: C:/ISEL/LIC/Projeto/TicketMachine_VHDL/FA.vhd Line: 11
    Info (12023): Found entity 1: FA File: C:/ISEL/LIC/Projeto/TicketMachine_VHDL/FA.vhd Line: 4
Info (12021): Found 2 design units, including 1 entities, in source file ffd.vhd
    Info (12022): Found design unit 1: FFD-logicFunction File: C:/ISEL/LIC/Projeto/TicketMachine_VHDL/FFD.vhd Line: 14
    Info (12023): Found entity 1: FFD File: C:/ISEL/LIC/Projeto/TicketMachine_VHDL/FFD.vhd Line: 4
Info (12021): Found 2 design units, including 1 entities, in source file ha.vhd
    Info (12022): Found design unit 1: HA-structural File: C:/ISEL/LIC/Projeto/TicketMachine_VHDL/HA.vhd Line: 11
    Info (12023): Found entity 1: HA File: C:/ISEL/LIC/Projeto/TicketMachine_VHDL/HA.vhd Line: 4
Info (12021): Found 2 design units, including 1 entities, in source file rg4.vhd
    Info (12022): Found design unit 1: RG4-logicFunction File: C:/ISEL/LIC/Projeto/TicketMachine_VHDL/RG4.vhd Line: 11
    Info (12023): Found entity 1: RG4 File: C:/ISEL/LIC/Projeto/TicketMachine_VHDL/RG4.vhd Line: 4
Info (12021): Found 2 design units, including 1 entities, in source file rg2.vhd
    Info (12022): Found design unit 1: RG2-logicFunction File: C:/ISEL/LIC/Projeto/TicketMachine_VHDL/RG2.vhd Line: 12
    Info (12023): Found entity 1: RG2 File: C:/ISEL/LIC/Projeto/TicketMachine_VHDL/RG2.vhd Line: 4
Info (12021): Found 2 design units, including 1 entities, in source file penc.vhd
    Info (12022): Found design unit 1: PEnc-structural File: C:/ISEL/LIC/Projeto/TicketMachine_VHDL/PEnc.vhd Line: 10
    Info (12023): Found entity 1: PEnc File: C:/ISEL/LIC/Projeto/TicketMachine_VHDL/PEnc.vhd Line: 4
Info (12021): Found 2 design units, including 1 entities, in source file mux2_1.vhd
    Info (12022): Found design unit 1: MUX2_1-structural File: C:/ISEL/LIC/Projeto/TicketMachine_VHDL/MUX2_1.vhd Line: 14
    Info (12023): Found entity 1: MUX2_1 File: C:/ISEL/LIC/Projeto/TicketMachine_VHDL/MUX2_1.vhd Line: 4
Info (12021): Found 2 design units, including 1 entities, in source file mux4_1.vhd
    Info (12022): Found design unit 1: MUX4_1-structural File: C:/ISEL/LIC/Projeto/TicketMachine_VHDL/MUX4_1.vhd Line: 17
    Info (12023): Found entity 1: MUX4_1 File: C:/ISEL/LIC/Projeto/TicketMachine_VHDL/MUX4_1.vhd Line: 4
Info (12021): Found 2 design units, including 1 entities, in source file penc42.vhd
    Info (12022): Found design unit 1: PEnc42-structural File: C:/ISEL/LIC/Projeto/TicketMachine_VHDL/PEnc42.vhd Line: 11
    Info (12023): Found entity 1: PEnc42 File: C:/ISEL/LIC/Projeto/TicketMachine_VHDL/PEnc42.vhd Line: 4
Info (12021): Found 2 design units, including 1 entities, in source file keycontrol.vhd
    Info (12022): Found design unit 1: KeyControl-behavioral File: C:/ISEL/LIC/Projeto/TicketMachine_VHDL/KeyControl.vhd Line: 11
    Info (12023): Found entity 1: KeyControl File: C:/ISEL/LIC/Projeto/TicketMachine_VHDL/KeyControl.vhd Line: 4
Info (12127): Elaborating entity "KeyDecode" for the top level hierarchy
Info (12128): Elaborating entity "CLKDIV" for hierarchy "CLKDIV:Div" File: C:/ISEL/LIC/Projeto/TicketMachine_VHDL/KeyDecode.vhd Line: 52
Info (12128): Elaborating entity "KeyScan" for hierarchy "KeyScan:Scann" File: C:/ISEL/LIC/Projeto/TicketMachine_VHDL/KeyDecode.vhd Line: 54
Info (12128): Elaborating entity "Counter" for hierarchy "KeyScan:Scann|Counter:Cont" File: C:/ISEL/LIC/Projeto/TicketMachine_VHDL/KeyScan.vhd Line: 40
Info (12128): Elaborating entity "Adder" for hierarchy "KeyScan:Scann|Counter:Cont|Adder:Adder" File: C:/ISEL/LIC/Projeto/TicketMachine_VHDL/Counter.vhd Line: 15
Info (12128): Elaborating entity "FA" for hierarchy "KeyScan:Scann|Counter:Cont|Adder:Adder|FA:U1" File: C:/ISEL/LIC/Projeto/TicketMachine_VHDL/Adder.vhd Line: 18
Info (12128): Elaborating entity "HA" for hierarchy "KeyScan:Scann|Counter:Cont|Adder:Adder|FA:U1|HA:U1" File: C:/ISEL/LIC/Projeto/TicketMachine_VHDL/FA.vhd Line: 17
Info (12128): Elaborating entity "RG2" for hierarchy "KeyScan:Scann|Counter:Cont|RG2:Reg" File: C:/ISEL/LIC/Projeto/TicketMachine_VHDL/Counter.vhd Line: 17
Info (12128): Elaborating entity "FFD" for hierarchy "KeyScan:Scann|Counter:Cont|RG2:Reg|FFD:FDD0" File: C:/ISEL/LIC/Projeto/TicketMachine_VHDL/RG2.vhd Line: 15
Info (12128): Elaborating entity "Decoder" for hierarchy "KeyScan:Scann|Decoder:DEC" File: C:/ISEL/LIC/Projeto/TicketMachine_VHDL/KeyScan.vhd Line: 41
Info (12128): Elaborating entity "DeMUX" for hierarchy "KeyScan:Scann|Decoder:DEC|DeMUX:DeMUX1" File: C:/ISEL/LIC/Projeto/TicketMachine_VHDL/Decoder.vhd Line: 26
Info (12128): Elaborating entity "PEnc42" for hierarchy "KeyScan:Scann|PEnc42:PEnc" File: C:/ISEL/LIC/Projeto/TicketMachine_VHDL/KeyScan.vhd Line: 45
Info (12128): Elaborating entity "PEnc" for hierarchy "KeyScan:Scann|PEnc42:PEnc|PEnc:PEnc1" File: C:/ISEL/LIC/Projeto/TicketMachine_VHDL/PEnc42.vhd Line: 15
Info (12128): Elaborating entity "MUX2_1" for hierarchy "KeyScan:Scann|PEnc42:PEnc|MUX2_1:Mux" File: C:/ISEL/LIC/Projeto/TicketMachine_VHDL/PEnc42.vhd Line: 19
Info (12128): Elaborating entity "KeyControl" for hierarchy "KeyControl:Ctrl" File: C:/ISEL/LIC/Projeto/TicketMachine_VHDL/KeyDecode.vhd Line: 55
Info (13000): Registers with preset signals will power-up high File: C:/ISEL/LIC/Projeto/TicketMachine_VHDL/FFD.vhd Line: 10
Info (13003): DEV_CLRn pin will set, and not reset, register with preset signal due to NOT Gate Push-Back
Info (286030): Timing-Driven Synthesis is running
Info (16010): Generating hard_block partition "hard_block:auto_generated_inst"
    Info (16011): Adding 0 node(s), including 0 DDIO, 0 PLL, 0 transceiver and 0 LCELL
Warning (21074): Design contains 2 input pin(s) that do not drive logic
    Warning (15610): No output dependent on input pin "Tdelay[0]" File: C:/ISEL/LIC/Projeto/TicketMachine_VHDL/KeyDecode.vhd Line: 9
    Warning (15610): No output dependent on input pin "Tdelay[1]" File: C:/ISEL/LIC/Projeto/TicketMachine_VHDL/KeyDecode.vhd Line: 9
Info (21057): Implemented 87 device resources after synthesis - the final resource count might be different
    Info (21058): Implemented 9 input pins
    Info (21059): Implemented 13 output pins
    Info (21061): Implemented 65 logic cells
Info: Quartus Prime Analysis & Synthesis was successful. 0 errors, 4 warnings
    Info: Peak virtual memory: 4842 megabytes
    Info: Processing ended: Tue Mar 17 11:06:16 2026
    Info: Elapsed time: 00:00:06
    Info: Total CPU time (on all processors): 00:00:12


