This is pdfTeX, Version 3.141592653-2.6-1.40.28 (TeX Live 2025) (preloaded format=pdflatex 2025.12.29)  2 APR 2026 15:08
entering extended mode
 \write18 enabled.
 file:line:error style messages enabled.
 %&-line parsing enabled.
**"c:/ISEL/LIC/Projeto/Documentacao/Relatorio KeyboardReader/moduloKeyboardReader.tex"
(c:/ISEL/LIC/Projeto/Documentacao/Relatorio KeyboardReader/moduloKeyboardReader.tex
LaTeX2e <2025-11-01>
L3 programming layer <2025-12-24>
(c:/texlive/2025/texmf-dist/tex/latex/base/article.cls
Document Class: article 2025/01/22 v1.4n Standard LaTeX document class
(c:/texlive/2025/texmf-dist/tex/latex/base/size10.clo
File: size10.clo 2025/01/22 v1.4n Standard LaTeX file (size option)
)
\c@part=\count275
\c@section=\count276
\c@subsection=\count277
\c@subsubsection=\count278
\c@paragraph=\count279
\c@subparagraph=\count280
\c@figure=\count281
\c@table=\count282
\abovecaptionskip=\skip49
\belowcaptionskip=\skip50
\bibindent=\dimen148
) (c:/texlive/2025/texmf-dist/tex/latex/base/fontenc.sty
Package: fontenc 2025/07/18 v2.1d Standard LaTeX package
) (c:/texlive/2025/texmf-dist/tex/latex/base/inputenc.sty
Package: inputenc 2024/02/08 v1.3d Input encoding file
\inpenc@prehook=\toks17
\inpenc@posthook=\toks18
) (c:/texlive/2025/texmf-dist/tex/latex/minted/minted.sty
Package: minted 2025/05/14 v3.7.0 Yet another Pygments shim for LaTeX
 (c:/texlive/2025/texmf-dist/tex/generic/catchfile/catchfile.sty
Package: catchfile 2019/12/09 v1.8 Catch the contents of a file (HO)
 (c:/texlive/2025/texmf-dist/tex/generic/infwarerr/infwarerr.sty
Package: infwarerr 2019/12/03 v1.5 Providing info/warning/error messages (HO)
) (c:/texlive/2025/texmf-dist/tex/generic/ltxcmds/ltxcmds.sty
Package: ltxcmds 2023-12-04 v1.26 LaTeX kernel commands for general use (HO)
) (c:/texlive/2025/texmf-dist/tex/generic/etexcmds/etexcmds.sty
Package: etexcmds 2019/12/15 v1.7 Avoid name clashes with e-TeX commands (HO)
 (c:/texlive/2025/texmf-dist/tex/generic/iftex/iftex.sty
Package: iftex 2024/12/12 v1.0g TeX engine tests
))) (c:/texlive/2025/texmf-dist/tex/latex/etoolbox/etoolbox.sty
Package: etoolbox 2025/10/02 v2.5m e-TeX tools for LaTeX (JAW)
\etb@tempcnta=\count283
) (c:/texlive/2025/texmf-dist/tex/latex/fvextra/fvextra.sty
Package: fvextra 2025/05/29 v1.13.2 fvextra - extensions and patches for fancyvrb
 (c:/texlive/2025/texmf-dist/tex/latex/fancyvrb/fancyvrb.sty
Package: fancyvrb 2025/07/28 4.6 verbatim text (tvz,hv)
 (c:/texlive/2025/texmf-dist/tex/latex/graphics/keyval.sty
Package: keyval 2022/05/29 v1.15 key=value parser (DPC)
\KV@toks@=\toks19
)
\FV@CodeLineNo=\count284
\FV@InFile=\read2
\FV@TabBox=\box53
\c@FancyVerbLine=\count285
\FV@StepNumber=\count286
\FV@OutFile=\write3
) (c:/texlive/2025/texmf-dist/tex/generic/pdftexcmds/pdftexcmds.sty
Package: pdftexcmds 2020-06-27 v0.33 Utility functions of pdfTeX for LuaTeX (HO)
Package pdftexcmds Info: \pdf@primitive is available.
Package pdftexcmds Info: \pdf@ifprimitive is available.
Package pdftexcmds Info: \pdfdraftmode found.
) (c:/texlive/2025/texmf-dist/tex/latex/upquote/upquote.sty
Package: upquote 2012/04/19 v1.3 upright-quote and grave-accent glyphs in verbatim
 (c:/texlive/2025/texmf-dist/tex/latex/base/textcomp.sty
Package: textcomp 2024/04/24 v2.1b Standard LaTeX package
)) (c:/texlive/2025/texmf-dist/tex/latex/lineno/lineno.sty
Package: lineno 2025/05/13 line numbers on paragraphs v5.5
 (c:/texlive/2025/texmf-dist/tex/latex/kvoptions/kvoptions.sty
Package: kvoptions 2022-06-15 v3.15 Key value format for package options (HO)
 (c:/texlive/2025/texmf-dist/tex/latex/kvsetkeys/kvsetkeys.sty
Package: kvsetkeys 2022-10-05 v1.19 Key value parser (HO)
))
\linenopenalty=\count287
\output=\toks20
\linenoprevgraf=\count288
\linenumbersep=\dimen149
\linenumberwidth=\dimen150
\c@linenumber=\count289
\c@pagewiselinenumber=\count290
\c@LN@truepage=\count291
\c@internallinenumber=\count292
\c@internallinenumbers=\count293
\quotelinenumbersep=\dimen151
\bframerule=\dimen152
\bframesep=\dimen153
\bframebox=\box54
)
\c@FancyVerbWriteLine=\count294
\c@FancyVerbBufferLine=\count295
\c@FV@TrueTabGroupLevel=\count296
\c@FV@TrueTabCounter=\count297
\FV@TabBox@Group=\box55
\FV@bgcolorstructbox=\box56
\FV@TmpLength=\skip51
\c@FV@HighlightLinesStart=\count298
\c@FV@HighlightLinesStop=\count299
\FV@LoopCount=\count300
\FV@NCharsBox=\box57
\FV@BreakIndent=\dimen154
\FV@BreakIndentNChars=\count301
\FV@BreakSymbolSepLeft=\dimen155
\FV@BreakSymbolSepLeftNChars=\count302
\FV@BreakSymbolSepRight=\dimen156
\FV@BreakSymbolSepRightNChars=\count303
\FV@BreakSymbolIndentLeft=\dimen157
\FV@BreakSymbolIndentLeftNChars=\count304
\FV@BreakSymbolIndentRight=\dimen158
\FV@BreakSymbolIndentRightNChars=\count305
\c@FancyVerbLineBreakLast=\count306
\FV@LineBox=\box58
\FV@LineIndentBox=\box59
\c@FV@BreakBufferDepth=\count307
\FV@LineWidth=\dimen159
) (c:/texlive/2025/texmf-dist/tex/latex/latex2pydata/latex2pydata.sty
Package: latex2pydata 2025/03/26 v0.6.0 latex2pydata - write data to file in Python literal format
) (c:/texlive/2025/texmf-dist/tex/latex/pgf/utilities/pgfkeys.sty (c:/texlive/2025/texmf-dist/tex/generic/pgf/utilities/pgfkeys.code.tex
\pgfkeys@pathtoks=\toks21
\pgfkeys@temptoks=\toks22
 (c:/texlive/2025/texmf-dist/tex/generic/pgf/utilities/pgfkeyslibraryfiltered.code.tex
\pgfkeys@tmptoks=\toks23
))) (c:/texlive/2025/texmf-dist/tex/latex/pgfopts/pgfopts.sty
Package: pgfopts 2014/07/10 v2.1a LaTeX package options with pgfkeys
\pgfopts@list@add@a@toks=\toks24
\pgfopts@list@add@b@toks=\toks25
) (c:/texlive/2025/texmf-dist/tex/latex/tools/shellesc.sty
Package: shellesc 2023/07/08 v1.0d unified shell escape interface for LaTeX
Package shellesc Info: Unrestricted shell escape enabled on input line 75.
) (c:/texlive/2025/texmf-dist/tex/latex/float/float.sty
Package: float 2001/11/08 v1.3d Float enhancements (AL)
\c@float@type=\count308
\float@exts=\toks26
\float@box=\box60
\@float@everytoks=\toks27
\@floatcapt=\box61
)
\c@minted@FancyVerbLineTemp=\count309
\@float@every@listing=\toks28
\c@listing=\count310
) (c:/texlive/2025/texmf-dist/tex/latex/amsmath/amsmath.sty
Package: amsmath 2025/07/09 v2.17z AMS math features
\@mathmargin=\skip52

For additional information on amsmath, use the `?' option.
(c:/texlive/2025/texmf-dist/tex/latex/amsmath/amstext.sty
Package: amstext 2024/11/17 v2.01 AMS text
 (c:/texlive/2025/texmf-dist/tex/latex/amsmath/amsgen.sty
File: amsgen.sty 1999/11/30 v2.0 generic functions
\@emptytoks=\toks29
\ex@=\dimen160
)) (c:/texlive/2025/texmf-dist/tex/latex/amsmath/amsbsy.sty
Package: amsbsy 1999/11/29 v1.2d Bold Symbols
\pmbraise@=\dimen161
) (c:/texlive/2025/texmf-dist/tex/latex/amsmath/amsopn.sty
Package: amsopn 2022/04/08 v2.04 operator names
)
\inf@bad=\count311
LaTeX Info: Redefining \frac on input line 233.
\uproot@=\count312
\leftroot@=\count313
LaTeX Info: Redefining \overline on input line 398.
LaTeX Info: Redefining \colon on input line 409.
\classnum@=\count314
\DOTSCASE@=\count315
LaTeX Info: Redefining \ldots on input line 495.
LaTeX Info: Redefining \dots on input line 498.
LaTeX Info: Redefining \cdots on input line 619.
\Mathstrutbox@=\box62
\strutbox@=\box63
LaTeX Info: Redefining \big on input line 721.
LaTeX Info: Redefining \Big on input line 722.
LaTeX Info: Redefining \bigg on input line 723.
LaTeX Info: Redefining \Bigg on input line 724.
\big@size=\dimen162
LaTeX Font Info:    Redeclaring font encoding OML on input line 742.
LaTeX Font Info:    Redeclaring font encoding OMS on input line 743.
\macc@depth=\count316
LaTeX Info: Redefining \bmod on input line 904.
LaTeX Info: Redefining \pmod on input line 909.
LaTeX Info: Redefining \smash on input line 939.
LaTeX Info: Redefining \relbar on input line 969.
LaTeX Info: Redefining \Relbar on input line 970.
\c@MaxMatrixCols=\count317
\dotsspace@=\muskip17
\c@parentequation=\count318
\dspbrk@lvl=\count319
\tag@help=\toks30
\row@=\count320
\column@=\count321
\maxfields@=\count322
\andhelp@=\toks31
\eqnshift@=\dimen163
\alignsep@=\dimen164
\tagshift@=\dimen165
\tagwidth@=\dimen166
\totwidth@=\dimen167
\lineht@=\dimen168
\@envbody=\toks32
\multlinegap=\skip53
\multlinetaggap=\skip54
\mathdisplay@stack=\toks33
LaTeX Info: Redefining \[ on input line 2950.
LaTeX Info: Redefining \] on input line 2951.
)
\@LN@amsmath@ams@eqpen=\count323
 (c:/texlive/2025/texmf-dist/tex/latex/amsfonts/amsfonts.sty
Package: amsfonts 2013/01/14 v3.01 Basic AMSFonts support
\symAMSa=\mathgroup4
\symAMSb=\mathgroup5
LaTeX Font Info:    Redeclaring math symbol \hbar on input line 98.
LaTeX Font Info:    Overwriting math alphabet `\mathfrak' in version `bold'
(Font)                  U/euf/m/n --> U/euf/b/n on input line 106.
) (c:/texlive/2025/texmf-dist/tex/latex/amsfonts/amssymb.sty
Package: amssymb 2013/01/14 v3.01 AMS font symbols
) (c:/texlive/2025/texmf-dist/tex/latex/fancyhdr/fancyhdr.sty
Package: fancyhdr 2025/02/07 v5.2 Extensive control of page headers and footers
\f@nch@headwidth=\skip55
\f@nch@offset@elh=\skip56
\f@nch@offset@erh=\skip57
\f@nch@offset@olh=\skip58
\f@nch@offset@orh=\skip59
\f@nch@offset@elf=\skip60
\f@nch@offset@erf=\skip61
\f@nch@offset@olf=\skip62
\f@nch@offset@orf=\skip63
\f@nch@height=\skip64
\f@nch@footalignment=\skip65
\f@nch@widthL=\skip66
\f@nch@widthC=\skip67
\f@nch@widthR=\skip68
\@temptokenb=\toks34
) (c:/texlive/2025/texmf-dist/tex/latex/graphics/graphicx.sty
Package: graphicx 2024/12/31 v1.2e Enhanced LaTeX Graphics (DPC,SPQR)
 (c:/texlive/2025/texmf-dist/tex/latex/graphics/graphics.sty
Package: graphics 2024/08/06 v1.4g Standard LaTeX Graphics (DPC,SPQR)
 (c:/texlive/2025/texmf-dist/tex/latex/graphics/trig.sty
Package: trig 2023/12/02 v1.11 sin cos tan (DPC)
) (c:/texlive/2025/texmf-dist/tex/latex/graphics-cfg/graphics.cfg
File: graphics.cfg 2016/06/04 v1.11 sample graphics configuration
)
Package graphics Info: Driver file: pdftex.def on input line 106.
 (c:/texlive/2025/texmf-dist/tex/latex/graphics-def/pdftex.def
File: pdftex.def 2025/09/29 v1.2d Graphics/color driver for pdftex
))
\Gin@req@height=\dimen169
\Gin@req@width=\dimen170
) (c:/texlive/2025/texmf-dist/tex/latex/wrapfig/wrapfig.sty
\wrapoverhang=\dimen171
\WF@size=\dimen172
\c@WF@wrappedlines=\count324
\WF@box=\box64
\WF@everypar=\toks35
Package: wrapfig 2003/01/31  v 3.6
) (c:/texlive/2025/texmf-dist/tex/latex/caption/subcaption.sty
Package: subcaption 2023/07/28 v1.6b Sub-captions (AR)
 (c:/texlive/2025/texmf-dist/tex/latex/caption/caption.sty
Package: caption 2023/08/05 v3.6o Customizing captions (AR)
 (c:/texlive/2025/texmf-dist/tex/latex/caption/caption3.sty
Package: caption3 2023/07/31 v2.4d caption3 kernel (AR)
\caption@tempdima=\dimen173
\captionmargin=\dimen174
\caption@leftmargin=\dimen175
\caption@rightmargin=\dimen176
\caption@width=\dimen177
\caption@indent=\dimen178
\caption@parindent=\dimen179
\caption@hangindent=\dimen180
Package caption Info: Standard document class detected.
)
\c@caption@flags=\count325
\c@continuedfloat=\count326
Package caption Info: float package is loaded.
Package caption Info: wrapfig package is loaded.
)
Package caption Info: New subtype `subfigure' on input line 238.
\c@subfigure=\count327
Package caption Info: New subtype `subtable' on input line 238.
\c@subtable=\count328
) (c:/texlive/2025/texmf-dist/tex/latex/setspace/setspace.sty
Package: setspace 2022/12/04 v6.7b set line spacing
) (c:/texlive/2025/texmf-dist/tex/latex/booktabs/booktabs.sty
Package: booktabs 2020/01/12 v1.61803398 Publication quality tables
\heavyrulewidth=\dimen181
\lightrulewidth=\dimen182
\cmidrulewidth=\dimen183
\belowrulesep=\dimen184
\belowbottomsep=\dimen185
\aboverulesep=\dimen186
\abovetopsep=\dimen187
\cmidrulesep=\dimen188
\cmidrulekern=\dimen189
\defaultaddspace=\dimen190
\@cmidla=\count329
\@cmidlb=\count330
\@aboverulesep=\dimen191
\@belowrulesep=\dimen192
\@thisruleclass=\count331
\@lastruleclass=\count332
\@thisrulewidth=\dimen193
) (c:/texlive/2025/texmf-dist/tex/latex/url/url.sty
\Urlmuskip=\muskip18
Package: url 2013/09/16  ver 3.4  Verb mode for urls, etc.
) (c:/texlive/2025/texmf-dist/tex/latex/lipsum/lipsum.sty (c:/texlive/2025/texmf-dist/tex/latex/l3packages/l3keys2e/l3keys2e.sty (c:/texlive/2025/texmf-dist/tex/latex/l3kernel/expl3.sty
Package: expl3 2025-12-24 L3 programming layer (loader) 
 (c:/texlive/2025/texmf-dist/tex/latex/l3backend/l3backend-pdftex.def
File: l3backend-pdftex.def 2025-10-09 L3 backend support: PDF output (pdfTeX)
\l__color_backend_stack_int=\count333
))
Package: l3keys2e 2025-10-09 LaTeX2e option processing using LaTeX3 keys
)
Package: lipsum 2021-09-20 v2.7 150 paragraphs of Lorem Ipsum dummy text
\g__lipsum_par_int=\count334
\l__lipsum_a_int=\count335
\l__lipsum_b_int=\count336
 (c:/texlive/2025/texmf-dist/tex/latex/lipsum/lipsum.ltd.tex)) (c:/texlive/2025/texmf-dist/tex/latex/hyperref/hyperref.sty
Package: hyperref 2025-07-12 v7.01o Hypertext links for LaTeX
 (c:/texlive/2025/texmf-dist/tex/generic/kvdefinekeys/kvdefinekeys.sty
Package: kvdefinekeys 2019-12-19 v1.6 Define keys (HO)
) (c:/texlive/2025/texmf-dist/tex/generic/pdfescape/pdfescape.sty
Package: pdfescape 2019/12/09 v1.15 Implements pdfTeX's escape features (HO)
) (c:/texlive/2025/texmf-dist/tex/latex/hycolor/hycolor.sty
Package: hycolor 2020-01-27 v1.10 Color options for hyperref/bookmark (HO)
) (c:/texlive/2025/texmf-dist/tex/latex/hyperref/nameref.sty
Package: nameref 2025-06-21 v2.57 Cross-referencing by name of section
 (c:/texlive/2025/texmf-dist/tex/latex/refcount/refcount.sty
Package: refcount 2019/12/15 v3.6 Data extraction from label references (HO)
) (c:/texlive/2025/texmf-dist/tex/generic/gettitlestring/gettitlestring.sty
Package: gettitlestring 2019/12/15 v1.6 Cleanup title references (HO)
)
\c@section@level=\count337
) (c:/texlive/2025/texmf-dist/tex/generic/stringenc/stringenc.sty
Package: stringenc 2019/11/29 v1.12 Convert strings between diff. encodings (HO)
)
\@linkdim=\dimen194
\Hy@linkcounter=\count338
\Hy@pagecounter=\count339
 (c:/texlive/2025/texmf-dist/tex/latex/hyperref/pd1enc.def
File: pd1enc.def 2025-07-12 v7.01o Hyperref: PDFDocEncoding definition (HO)
Now handling font encoding PD1 ...
... no UTF-8 mapping file for font encoding PD1
) (c:/texlive/2025/texmf-dist/tex/generic/intcalc/intcalc.sty
Package: intcalc 2019/12/15 v1.3 Expandable calculations with integers (HO)
)
\Hy@SavedSpaceFactor=\count340
 (c:/texlive/2025/texmf-dist/tex/latex/hyperref/puenc.def
File: puenc.def 2025-07-12 v7.01o Hyperref: PDF Unicode definition (HO)
Now handling font encoding PU ...
... no UTF-8 mapping file for font encoding PU
)
Package hyperref Info: Hyper figures OFF on input line 4195.
Package hyperref Info: Link nesting OFF on input line 4200.
Package hyperref Info: Hyper index ON on input line 4203.
Package hyperref Info: Plain pages OFF on input line 4210.
Package hyperref Info: Backreferencing OFF on input line 4215.
Package hyperref Info: Implicit mode ON; LaTeX internals redefined.
Package hyperref Info: Bookmarks ON on input line 4462.
\c@Hy@tempcnt=\count341
LaTeX Info: Redefining \url on input line 4801.
\XeTeXLinkMargin=\dimen195
 (c:/texlive/2025/texmf-dist/tex/generic/bitset/bitset.sty
Package: bitset 2019/12/09 v1.3 Handle bit-vector datatype (HO)
 (c:/texlive/2025/texmf-dist/tex/generic/bigintcalc/bigintcalc.sty
Package: bigintcalc 2019/12/15 v1.5 Expandable calculations on big integers (HO)
))
\Fld@menulength=\count342
\Field@Width=\dimen196
\Fld@charsize=\dimen197
Package hyperref Info: Hyper figures OFF on input line 6078.
Package hyperref Info: Link nesting OFF on input line 6083.
Package hyperref Info: Hyper index ON on input line 6086.
Package hyperref Info: backreferencing OFF on input line 6093.
Package hyperref Info: Link coloring OFF on input line 6098.
Package hyperref Info: Link coloring with OCG OFF on input line 6103.
Package hyperref Info: PDF/A mode OFF on input line 6108.
\Hy@abspage=\count343
\c@Item=\count344
\c@Hfootnote=\count345
)
Package hyperref Info: Driver (autodetected): hpdftex.
 (c:/texlive/2025/texmf-dist/tex/latex/hyperref/hpdftex.def
File: hpdftex.def 2025-07-12 v7.01o Hyperref driver for pdfTeX
\Fld@listcount=\count346
\c@bookmark@seq@number=\count347
 (c:/texlive/2025/texmf-dist/tex/latex/rerunfilecheck/rerunfilecheck.sty
Package: rerunfilecheck 2025-06-21 v1.11 Rerun checks for auxiliary files (HO)
 (c:/texlive/2025/texmf-dist/tex/generic/uniquecounter/uniquecounter.sty
Package: uniquecounter 2019/12/15 v1.4 Provide unlimited unique counter (HO)
)
Package uniquecounter Info: New unique counter `rerunfilecheck' on input line 284.
)
\Hy@SectionHShift=\skip69
) (c:/texlive/2025/texmf-dist/tex/latex/listings/listings.sty
\lst@mode=\count348
\lst@gtempboxa=\box65
\lst@token=\toks36
\lst@length=\count349
\lst@currlwidth=\dimen198
\lst@column=\count350
\lst@pos=\count351
\lst@lostspace=\dimen199
\lst@width=\dimen256
\lst@newlines=\count352
\lst@lineno=\count353
\lst@maxwidth=\dimen257
 (c:/texlive/2025/texmf-dist/tex/latex/listings/lstpatch.sty
File: lstpatch.sty 2025/11/14 1.11b (Carsten Heinz)
) (c:/texlive/2025/texmf-dist/tex/latex/listings/lstmisc.sty
File: lstmisc.sty 2025/11/14 1.11b (Carsten Heinz)
\c@lstnumber=\count354
\lst@skipnumbers=\count355
\lst@framebox=\box66
) (c:/texlive/2025/texmf-dist/tex/latex/listings/listings.cfg
File: listings.cfg 2025/11/14 1.11b listings configuration
))
Package: listings 2025/11/14 1.11b (Carsten Heinz)

==> First Aid for listings.sty no longer applied!
    Expected:
        2024/09/23 1.10c (Carsten Heinz)
    but found:
        2025/11/14 1.11b (Carsten Heinz)
    so I'm assuming it got fixed.
(c:/texlive/2025/texmf-dist/tex/latex/xcolor/xcolor.sty
Package: xcolor 2024/09/29 v3.02 LaTeX color extensions (UK)
 (c:/texlive/2025/texmf-dist/tex/latex/graphics-cfg/color.cfg
File: color.cfg 2016/01/02 v1.6 sample color configuration
)
Package xcolor Info: Driver file: pdftex.def on input line 274.
 (c:/texlive/2025/texmf-dist/tex/latex/graphics/mathcolor.ltx)
Package xcolor Info: Model `cmy' substituted by `cmy0' on input line 1349.
Package xcolor Info: Model `hsb' substituted by `rgb' on input line 1353.
Package xcolor Info: Model `RGB' extended on input line 1365.
Package xcolor Info: Model `HTML' substituted by `rgb' on input line 1367.
Package xcolor Info: Model `Hsb' substituted by `hsb' on input line 1368.
Package xcolor Info: Model `tHsb' substituted by `hsb' on input line 1369.
Package xcolor Info: Model `HSB' substituted by `hsb' on input line 1370.
Package xcolor Info: Model `Gray' substituted by `gray' on input line 1371.
Package xcolor Info: Model `wave' substituted by `hsb' on input line 1372.
) (c:/texlive/2025/texmf-dist/tex/latex/graphics/dvipsnam.def
File: dvipsnam.def 2016/06/17 v3.0m Driver-dependent file (DPC,SPQR)
) (c:/texlive/2025/texmf-dist/tex/latex/graphics/lscape.sty
Package: lscape 2020/05/28 v3.02 Landscape Pages (DPC)
) (./moduloKeyboardReader.aux)
\openout1 = `moduloKeyboardReader.aux'.

LaTeX Font Info:    Checking defaults for OML/cmm/m/it on input line 47.
LaTeX Font Info:    ... okay on input line 47.
LaTeX Font Info:    Checking defaults for OMS/cmsy/m/n on input line 47.
LaTeX Font Info:    ... okay on input line 47.
LaTeX Font Info:    Checking defaults for OT1/cmr/m/n on input line 47.
LaTeX Font Info:    ... okay on input line 47.
LaTeX Font Info:    Checking defaults for T1/cmr/m/n on input line 47.
LaTeX Font Info:    ... okay on input line 47.
LaTeX Font Info:    Checking defaults for TS1/cmr/m/n on input line 47.
LaTeX Font Info:    ... okay on input line 47.
LaTeX Font Info:    Checking defaults for OMX/cmex/m/n on input line 47.
LaTeX Font Info:    ... okay on input line 47.
LaTeX Font Info:    Checking defaults for U/cmr/m/n on input line 47.
LaTeX Font Info:    ... okay on input line 47.
LaTeX Font Info:    Checking defaults for PD1/pdf/m/n on input line 47.
LaTeX Font Info:    ... okay on input line 47.
LaTeX Font Info:    Checking defaults for PU/pdf/m/n on input line 47.
LaTeX Font Info:    ... okay on input line 47.
 (c:/texlive/2025/texmf-dist/tex/context/base/mkii/supp-pdf.mkii
[Loading MPS to PDF converter (version 2006.09.02).]
\scratchcounter=\count356
\scratchdimen=\dimen258
\scratchbox=\box67
\nofMPsegments=\count357
\nofMParguments=\count358
\everyMPshowfont=\toks37
\MPscratchCnt=\count359
\MPscratchDim=\dimen259
\MPnumerator=\count360
\makeMPintoPDFobject=\count361
\everyMPtoPDFconversion=\toks38
) (c:/texlive/2025/texmf-dist/tex/latex/epstopdf-pkg/epstopdf-base.sty
Package: epstopdf-base 2020-01-24 v2.11 Base part for package epstopdf
Package epstopdf-base Info: Redefining graphics rule for `.eps' on input line 485.
 (c:/texlive/2025/texmf-dist/tex/latex/latexconfig/epstopdf-sys.cfg
File: epstopdf-sys.cfg 2010/07/13 v1.3 Configuration of (r)epstopdf for TeX Live
))
Package caption Info: Begin \AtBeginDocument code.
Package caption Info: hyperref package is loaded.
Package caption Info: listings package is loaded.
Package caption Info: End \AtBeginDocument code.
Package hyperref Info: Link coloring OFF on input line 47.
 (./moduloKeyboardReader.out) (./moduloKeyboardReader.out)
\@outlinefile=\write4
\openout4 = `moduloKeyboardReader.out'.

\c@lstlisting=\count362
<figures/keyboardReader_diagram.png, id=121, 2212.265pt x 521.95pt>
File: figures/keyboardReader_diagram.png Graphic file (type png)
<use figures/keyboardReader_diagram.png>
Package pdftex.def Info: figures/keyboardReader_diagram.png  used on input line 73.
(pdftex.def)             Requested size: 216.95807pt x 51.18658pt.
LaTeX Font Info:    Trying to load font information for U+msa on input line 91.
 (c:/texlive/2025/texmf-dist/tex/latex/amsfonts/umsa.fd
File: umsa.fd 2013/01/14 v3.01 AMS symbols A
)
LaTeX Font Info:    Trying to load font information for U+msb on input line 91.
 (c:/texlive/2025/texmf-dist/tex/latex/amsfonts/umsb.fd
File: umsb.fd 2013/01/14 v3.01 AMS symbols B
)
<figures/keyDecode_architecture.png, id=125, 1065.9825pt x 670.505pt>
File: figures/keyDecode_architecture.png Graphic file (type png)
<use figures/keyDecode_architecture.png>
Package pdftex.def Info: figures/keyDecode_architecture.png  used on input line 101.
(pdftex.def)             Requested size: 158.19931pt x 99.50737pt.
<figures/keydecode_protocol.png, id=126, 1434.35875pt x 764.8575pt>
File: figures/keydecode_protocol.png Graphic file (type png)
<use figures/keydecode_protocol.png>
Package pdftex.def Info: figures/keydecode_protocol.png  used on input line 107.
(pdftex.def)             Requested size: 113.0pt x 60.25618pt.

Overfull \hbox (5.0pt too wide) in paragraph at lines 99--111
 [][] 
 []


Overfull \hbox (5.0pt too wide) in paragraph at lines 99--111
 [] 
 []

Package hyperref Info: bookmark level for unknown subfigure defaults to 0 on input line 111.

LaTeX Warning: `!h' float specifier changed to `!ht'.

<figures/keyScan_diagrama_blocos.jpg, id=129, 649.2255pt x 445.06274pt>
File: figures/keyScan_diagrama_blocos.jpg Graphic file (type jpg)
<use figures/keyScan_diagrama_blocos.jpg>
Package pdftex.def Info: figures/keyScan_diagrama_blocos.jpg  used on input line 131.
(pdftex.def)             Requested size: 135.60138pt x 92.95659pt.
<figures/01_ISEL-Logotipo-RGB_Horizontal-Compacto-900.png, id=131, 1693.0452pt x 284.7438pt>
File: figures/01_ISEL-Logotipo-RGB_Horizontal-Compacto-900.png Graphic file (type png)
<use figures/01_ISEL-Logotipo-RGB_Horizontal-Compacto-900.png>
Package pdftex.def Info: figures/01_ISEL-Logotipo-RGB_Horizontal-Compacto-900.png  used on input line 143.
(pdftex.def)             Requested size: 113.81102pt x 19.13899pt.
[1{c:/texlive/2025/texmf-var/fonts/map/pdftex/updmap/pdftex.map}{c:/texlive/2025/texmf-dist/fonts/enc/dvips/cm-super/cm-super-t1.enc}

{c:/texlive/2025/texmf-dist/fonts/enc/dvips/cm-super/cm-super-ts1.enc} <./figures/01_ISEL-Logotipo-RGB_Horizontal-Compacto-900.png> <./figures/keyboardReader_diagram.png> <./figures/keyDecode_architecture.png> <./figures/keyDecode_protocol.png> <./figures/keyScan_diagrama_blocos.jpg>]
<figures/keyControl_ASM.jpg, id=160, 472.76625pt x 765.6103pt>
File: figures/keyControl_ASM.jpg Graphic file (type jpg)
<use figures/keyControl_ASM.jpg>
Package pdftex.def Info: figures/keyControl_ASM.jpg  used on input line 161.
(pdftex.def)             Requested size: 180.79724pt x 292.79242pt.

Underfull \vbox (badness 10000) has occurred while \output is active []

File: figures/01_ISEL-Logotipo-RGB_Horizontal-Compacto-900.png Graphic file (type png)
<use figures/01_ISEL-Logotipo-RGB_Horizontal-Compacto-900.png>
Package pdftex.def Info: figures/01_ISEL-Logotipo-RGB_Horizontal-Compacto-900.png  used on input line 181.
(pdftex.def)             Requested size: 113.81102pt x 19.13899pt.
 [2 <./figures/keyControl_ASM.jpg>]
File: figures/01_ISEL-Logotipo-RGB_Horizontal-Compacto-900.png Graphic file (type png)
<use figures/01_ISEL-Logotipo-RGB_Horizontal-Compacto-900.png>
Package pdftex.def Info: figures/01_ISEL-Logotipo-RGB_Horizontal-Compacto-900.png  used on input line 196.
(pdftex.def)             Requested size: 113.81102pt x 19.13899pt.
 [3

]
\pydata@fh@0=\write5
\openout5 = `_CAE31E7AEEE6D638320ABD8D4A9505D1.data.minted'.

runsystem(latexminted config  --timestamp 20260402150850 CAE31E7AEEE6D638320ABD8D4A9505D1)...executed.

 (./_CAE31E7AEEE6D638320ABD8D4A9505D1.config.minted)
runsystem(latexminted cleanconfig  --timestamp 20260402150850 CAE31E7AEEE6D638320ABD8D4A9505D1)...executed.

 (./_minted/default.style.minted) (./_minted/DF9420F8970FED2E832EDC47A42F1813.highlight.minted
LaTeX Font Info:    Font shape `T1/cmtt/bx/n' in size <8> not available
(Font)              Font shape `T1/cmtt/m/n' tried instead on input line 2.
) (./_minted/D862F9F381121C9BFF87D25914714EF7.highlight.minted)
Underfull \vbox (badness 10000) has occurred while \output is active []

File: figures/01_ISEL-Logotipo-RGB_Horizontal-Compacto-900.png Graphic file (type png)
<use figures/01_ISEL-Logotipo-RGB_Horizontal-Compacto-900.png>
Package pdftex.def Info: figures/01_ISEL-Logotipo-RGB_Horizontal-Compacto-900.png  used on input line 216.
(pdftex.def)             Requested size: 113.81102pt x 19.13899pt.
 [4

] (./_minted/EF36919D2021BF84C99F22D465073177.highlight.minted)
Underfull \vbox (badness 10000) has occurred while \output is active []

File: figures/01_ISEL-Logotipo-RGB_Horizontal-Compacto-900.png Graphic file (type png)
<use figures/01_ISEL-Logotipo-RGB_Horizontal-Compacto-900.png>
Package pdftex.def Info: figures/01_ISEL-Logotipo-RGB_Horizontal-Compacto-900.png  used on input line 224.
(pdftex.def)             Requested size: 113.81102pt x 19.13899pt.
 [5] (./_minted/8E16991315C2F9923615FF46726EF26C.highlight.minted)
Underfull \vbox (badness 10000) has occurred while \output is active []

File: figures/01_ISEL-Logotipo-RGB_Horizontal-Compacto-900.png Graphic file (type png)
<use figures/01_ISEL-Logotipo-RGB_Horizontal-Compacto-900.png>
Package pdftex.def Info: figures/01_ISEL-Logotipo-RGB_Horizontal-Compacto-900.png  used on input line 232.
(pdftex.def)             Requested size: 113.81102pt x 19.13899pt.
 [6] (./_minted/2BDE0220164D442C669E45B61FA8FF31.highlight.minted)
Underfull \vbox (badness 10000) has occurred while \output is active []

File: figures/01_ISEL-Logotipo-RGB_Horizontal-Compacto-900.png Graphic file (type png)
<use figures/01_ISEL-Logotipo-RGB_Horizontal-Compacto-900.png>
Package pdftex.def Info: figures/01_ISEL-Logotipo-RGB_Horizontal-Compacto-900.png  used on input line 240.
(pdftex.def)             Requested size: 113.81102pt x 19.13899pt.
 [7] (./_minted/F57CCB0B607D89E73C0C58032BADD0BC.highlight.minted)
Underfull \vbox (badness 10000) has occurred while \output is active []

File: figures/01_ISEL-Logotipo-RGB_Horizontal-Compacto-900.png Graphic file (type png)
<use figures/01_ISEL-Logotipo-RGB_Horizontal-Compacto-900.png>
Package pdftex.def Info: figures/01_ISEL-Logotipo-RGB_Horizontal-Compacto-900.png  used on input line 248.
(pdftex.def)             Requested size: 113.81102pt x 19.13899pt.
 [8] (./_minted/5E9B579A899D0EF3682A0AFBDE24A732.highlight.minted)
Underfull \vbox (badness 10000) has occurred while \output is active []

File: figures/01_ISEL-Logotipo-RGB_Horizontal-Compacto-900.png Graphic file (type png)
<use figures/01_ISEL-Logotipo-RGB_Horizontal-Compacto-900.png>
Package pdftex.def Info: figures/01_ISEL-Logotipo-RGB_Horizontal-Compacto-900.png  used on input line 256.
(pdftex.def)             Requested size: 113.81102pt x 19.13899pt.
 [9] (./_minted/5D26D541D9CB78F7EF180CE0A1671B9A.highlight.minted) (./_minted/0E4FECC14663E0F7F4F2AC3015522967.highlight.minted)
Underfull \vbox (badness 2012) has occurred while \output is active []

File: figures/01_ISEL-Logotipo-RGB_Horizontal-Compacto-900.png Graphic file (type png)
<use figures/01_ISEL-Logotipo-RGB_Horizontal-Compacto-900.png>
Package pdftex.def Info: figures/01_ISEL-Logotipo-RGB_Horizontal-Compacto-900.png  used on input line 272.
(pdftex.def)             Requested size: 113.81102pt x 19.13899pt.
 [10] (./_minted/31711921F0F10B5EC4C1B4A41827E808.highlight.minted) (./_minted/BD2B0588F30D5A432E40C81BEC0017CD.highlight.minted) (./_minted/B69A805A58784F301D5387AAB2FFA339.highlight.minted)
File: figures/01_ISEL-Logotipo-RGB_Horizontal-Compacto-900.png Graphic file (type png)
<use figures/01_ISEL-Logotipo-RGB_Horizontal-Compacto-900.png>
Package pdftex.def Info: figures/01_ISEL-Logotipo-RGB_Horizontal-Compacto-900.png  used on input line 296.
(pdftex.def)             Requested size: 113.81102pt x 19.13899pt.
 [11] (./_minted/3822A4EF0328A6F104FEA69C6DC3BAF0.highlight.minted) (./_minted/A6482132AD36C1757D35943586777A52.highlight.minted)
Underfull \vbox (badness 10000) has occurred while \output is active []

File: figures/01_ISEL-Logotipo-RGB_Horizontal-Compacto-900.png Graphic file (type png)
<use figures/01_ISEL-Logotipo-RGB_Horizontal-Compacto-900.png>
Package pdftex.def Info: figures/01_ISEL-Logotipo-RGB_Horizontal-Compacto-900.png  used on input line 312.
(pdftex.def)             Requested size: 113.81102pt x 19.13899pt.
 [12] (./_minted/046140EA4D08C8D1DBC8DD2E9E237FC7.highlight.minted)
Underfull \vbox (badness 10000) has occurred while \output is active []

File: figures/01_ISEL-Logotipo-RGB_Horizontal-Compacto-900.png Graphic file (type png)
<use figures/01_ISEL-Logotipo-RGB_Horizontal-Compacto-900.png>
Package pdftex.def Info: figures/01_ISEL-Logotipo-RGB_Horizontal-Compacto-900.png  used on input line 320.
(pdftex.def)             Requested size: 113.81102pt x 19.13899pt.
 [13] (./_minted/3822A4EF0328A6F104FEA69C6DC3BAF0.highlight.minted) (./_minted/C0EB88FBA00D106599653946560C8CCA.highlight.minted)
Underfull \vbox (badness 10000) has occurred while \output is active []

File: figures/01_ISEL-Logotipo-RGB_Horizontal-Compacto-900.png Graphic file (type png)
<use figures/01_ISEL-Logotipo-RGB_Horizontal-Compacto-900.png>
Package pdftex.def Info: figures/01_ISEL-Logotipo-RGB_Horizontal-Compacto-900.png  used on input line 336.
(pdftex.def)             Requested size: 113.81102pt x 19.13899pt.
 [14] (./_minted/EEABE45DB23A0818B874D6E72F2CA542.highlight.minted) (./_minted/83530E39E2973C8CB46C5C06A7F8DF4E.highlight.minted)
Underfull \vbox (badness 10000) has occurred while \output is active []

File: figures/01_ISEL-Logotipo-RGB_Horizontal-Compacto-900.png Graphic file (type png)
<use figures/01_ISEL-Logotipo-RGB_Horizontal-Compacto-900.png>
Package pdftex.def Info: figures/01_ISEL-Logotipo-RGB_Horizontal-Compacto-900.png  used on input line 352.
(pdftex.def)             Requested size: 113.81102pt x 19.13899pt.
 [15] (./_minted/E14BF966F8EBC8586A990F696F689334.highlight.minted)
Underfull \vbox (badness 10000) has occurred while \output is active []

File: figures/01_ISEL-Logotipo-RGB_Horizontal-Compacto-900.png Graphic file (type png)
<use figures/01_ISEL-Logotipo-RGB_Horizontal-Compacto-900.png>
Package pdftex.def Info: figures/01_ISEL-Logotipo-RGB_Horizontal-Compacto-900.png  used on input line 360.
(pdftex.def)             Requested size: 113.81102pt x 19.13899pt.
 [16]
File: figures/01_ISEL-Logotipo-RGB_Horizontal-Compacto-900.png Graphic file (type png)
<use figures/01_ISEL-Logotipo-RGB_Horizontal-Compacto-900.png>
Package pdftex.def Info: figures/01_ISEL-Logotipo-RGB_Horizontal-Compacto-900.png  used on input line 360.
(pdftex.def)             Requested size: 113.81102pt x 19.13899pt.
 [17]
Package hyperref Info: bookmark level for unknown lstlisting defaults to 0 on input line 363.
 (./kotlin/HAL.kt) (./kotlin/KBD.kt
File: figures/01_ISEL-Logotipo-RGB_Horizontal-Compacto-900.png Graphic file (type png)
<use figures/01_ISEL-Logotipo-RGB_Horizontal-Compacto-900.png>
Package pdftex.def Info: figures/01_ISEL-Logotipo-RGB_Horizontal-Compacto-900.png  used on input line 25.
(pdftex.def)             Requested size: 113.81102pt x 19.13899pt.
 [18

])
File: figures/01_ISEL-Logotipo-RGB_Horizontal-Compacto-900.png Graphic file (type png)
<use figures/01_ISEL-Logotipo-RGB_Horizontal-Compacto-900.png>
Package pdftex.def Info: figures/01_ISEL-Logotipo-RGB_Horizontal-Compacto-900.png  used on input line 370.
(pdftex.def)             Requested size: 113.81102pt x 19.13899pt.
 [19] (./moduloKeyboardReader.aux)
 ***********
LaTeX2e <2025-11-01>
L3 programming layer <2025-12-24>
 ***********
Package rerunfilecheck Info: File `moduloKeyboardReader.out' has not changed.
(rerunfilecheck)             Checksum: 7DB0966EE5D1FED795430A1480F0381C;3069.
 ) 
Here is how much of TeX's memory you used:
 19750 strings out of 467538
 368813 string characters out of 5423724
 1033406 words of memory out of 5000000
 48209 multiletter control sequences out of 15000+600000
 642954 words of font info for 70 fonts, out of 8000000 for 9000
 1141 hyphenation exceptions out of 8191
 85i,16n,93p,847b,2120s stack positions out of 10000i,1000n,20000p,200000b,200000s
<c:/texlive/2025/texmf-dist/fonts/type1/public/amsfonts/cm/cmmi10.pfb><c:/texlive/2025/texmf-dist/fonts/type1/public/amsfonts/cm/cmmi7.pfb><c:/texlive/2025/texmf-dist/fonts/type1/public/amsfonts/cm/cmr7.pfb><c:/texlive/2025/texmf-dist/fonts/type1/public/cm-super/sfbi1440.pfb><c:/texlive/2025/texmf-dist/fonts/type1/public/cm-super/sfbx0700.pfb><c:/texlive/2025/texmf-dist/fonts/type1/public/cm-super/sfbx0800.pfb><c:/texlive/2025/texmf-dist/fonts/type1/public/cm-super/sfbx0900.pfb><c:/texlive/2025/texmf-dist/fonts/type1/public/cm-super/sfbx1000.pfb><c:/texlive/2025/texmf-dist/fonts/type1/public/cm-super/sfbx1200.pfb><c:/texlive/2025/texmf-dist/fonts/type1/public/cm-super/sfbx1440.pfb><c:/texlive/2025/texmf-dist/fonts/type1/public/cm-super/sfit0800.pfb><c:/texlive/2025/texmf-dist/fonts/type1/public/cm-super/sfrm0700.pfb><c:/texlive/2025/texmf-dist/fonts/type1/public/cm-super/sfrm0800.pfb><c:/texlive/2025/texmf-dist/fonts/type1/public/cm-super/sfrm0900.pfb><c:/texlive/2025/texmf-dist/fonts/type1/public/cm-super/sfrm1000.pfb><c:/texlive/2025/texmf-dist/fonts/type1/public/cm-super/sfti0900.pfb><c:/texlive/2025/texmf-dist/fonts/type1/public/cm-super/sfti1000.pfb><c:/texlive/2025/texmf-dist/fonts/type1/public/cm-super/sftt0800.pfb>
Output written on moduloKeyboardReader.pdf (19 pages, 745623 bytes).
PDF statistics:
 436 PDF objects out of 1000 (max. 8388607)
 362 compressed objects within 4 object streams
 131 named destinations out of 1000 (max. 500000)
 263 words of extra memory for PDF output out of 10000 (max. 10000000)

