\BOOKMARK [1][-]{section.1}{\376\377\000K\000e\000y\000\040\000D\000e\000c\000o\000d\000e}{}% 1
\BOOKMARK [2][-]{subsection.1.1}{\376\377\000K\000e\000y\000\040\000S\000c\000a\000n}{section.1}% 2
\BOOKMARK [2][-]{subsection.1.2}{\376\377\000K\000e\000y\000\040\000C\000o\000n\000t\000r\000o\000l}{section.1}% 3
\BOOKMARK [1][-]{section.2}{\376\377\000C\000o\000n\000c\000l\000u\000s\000\365\000e\000s}{}% 4
\BOOKMARK [1][-]{section*.5}{\376\377\000R\000e\000f\000e\000r\000\352\000n\000c\000i\000a\000s}{}% 5
\BOOKMARK [1][-]{appendix.A}{\376\377\000V\000H\000D\000L}{}% 6
\BOOKMARK [2][-]{subsection.A.1}{\376\377\000K\000e\000y\000b\000o\000a\000r\000d\000\040\000R\000e\000a\000d\000e\000r}{appendix.A}% 7
\BOOKMARK [2][-]{subsection.A.2}{\376\377\000K\000e\000y\000b\000o\000a\000r\000d\000\040\000R\000e\000a\000d\000e\000r\000\040\000t\000e\000s\000t\000b\000e\000n\000c\000h}{appendix.A}% 8
\BOOKMARK [2][-]{subsection.A.3}{\376\377\000K\000e\000y\000\040\000D\000e\000c\000o\000d\000e}{appendix.A}% 9
\BOOKMARK [2][-]{subsection.A.4}{\376\377\000K\000e\000y\000\040\000D\000e\000c\000o\000d\000e\000\040\000t\000e\000s\000t\000b\000e\000n\000c\000h}{appendix.A}% 10
\BOOKMARK [2][-]{subsection.A.5}{\376\377\000K\000e\000y\000\040\000S\000c\000a\000n}{appendix.A}% 11
\BOOKMARK [2][-]{subsection.A.6}{\376\377\000K\000e\000y\000\040\000S\000c\000a\000n\000\040\000t\000e\000s\000t\000b\000e\000n\000c\000h}{appendix.A}% 12
\BOOKMARK [2][-]{subsection.A.7}{\376\377\000C\000o\000u\000n\000t\000e\000r}{appendix.A}% 13
\BOOKMARK [2][-]{subsection.A.8}{\376\377\000C\000o\000u\000n\000t\000e\000r\000\040\000t\000e\000s\000t\000b\000e\000n\000c\000h}{appendix.A}% 14
\BOOKMARK [2][-]{subsection.A.9}{\376\377\000A\000d\000d\000e\000r}{appendix.A}% 15
\BOOKMARK [2][-]{subsection.A.10}{\376\377\000F\000A}{appendix.A}% 16
\BOOKMARK [2][-]{subsection.A.11}{\376\377\000H\000A}{appendix.A}% 17
\BOOKMARK [2][-]{subsection.A.12}{\376\377\000R\000G\0002}{appendix.A}% 18
\BOOKMARK [2][-]{subsection.A.13}{\376\377\000D\000e\000c\000o\000d\000e\000r}{appendix.A}% 19
\BOOKMARK [2][-]{subsection.A.14}{\376\377\000D\000e\000c\000o\000d\000e\000r\000\040\000t\000e\000s\000t\000b\000e\000n\000c\000h}{appendix.A}% 20
\BOOKMARK [2][-]{subsection.A.15}{\376\377\000D\000e\000M\000U\000X}{appendix.A}% 21
\BOOKMARK [2][-]{subsection.A.16}{\376\377\000P\000E\000n\000c\000\040\0004\000:\0002}{appendix.A}% 22
\BOOKMARK [2][-]{subsection.A.17}{\376\377\000P\000E\000n\000c}{appendix.A}% 23
\BOOKMARK [2][-]{subsection.A.18}{\376\377\000K\000e\000y\000\040\000C\000o\000n\000t\000r\000o\000l}{appendix.A}% 24
\BOOKMARK [2][-]{subsection.A.19}{\376\377\000K\000e\000y\000\040\000C\000o\000n\000t\000r\000o\000l\000\040\000t\000e\000s\000t\000b\000e\000n\000c\000h}{appendix.A}% 25
\BOOKMARK [2][-]{subsection.A.20}{\376\377\000F\000F\000D}{appendix.A}% 26
\BOOKMARK [1][-]{appendix.B}{\376\377\000K\000o\000t\000l\000i\000n}{}% 27
\BOOKMARK [2][-]{subsection.B.1}{\376\377\000H\000A\000L}{appendix.B}% 28
\BOOKMARK [2][-]{subsection.B.2}{\376\377\000K\000B\000D}{appendix.B}% 29
